2025-11-11 16:31:35 - __main__ - INFO - Usuario autenticado: lucio - Rol: user
2025-11-11 16:31:35 - __main__ - INFO - === Iniciando aplicación de Gestión de Inventario ===
2025-11-11 16:31:35 - __main__ - INFO - Inventario inicializado
2025-11-11 16:31:35 - __main__ - INFO - Sistema de ventas inicializado
2025-11-11 16:31:35 - __main__ - INFO - Archivo de inventario no encontrado. Iniciando con inventario vacío.
2025-11-11 16:31:35 - __main__ - INFO - Interfaz gráfica inicializada - Iniciando loop principal
2025-11-11 16:31:43 - __main__ - INFO - Abriendo formulario para agregar producto
2025-11-11 16:32:00 - __main__ - INFO - === Aplicación cerrada ===
2025-11-11 16:32:38 - __main__ - INFO - Usuario autenticado: lucio - Rol: user
2025-11-11 16:32:38 - __main__ - INFO - === Iniciando aplicación de Gestión de Inventario ===
2025-11-11 16:32:38 - __main__ - INFO - Inventario inicializado
2025-11-11 16:32:38 - __main__ - INFO - Sistema de ventas inicializado
2025-11-11 16:32:38 - __main__ - INFO - Archivo de inventario no encontrado. Iniciando con inventario vacío.
2025-11-11 16:32:38 - __main__ - INFO - Interfaz gráfica inicializada - Iniciando loop principal
2025-11-11 16:32:43 - __main__ - INFO - === Aplicación cerrada ===
2025-11-11 16:32:58 - __main__ - INFO - Usuario autenticado: admin - Rol: admin
2025-11-11 16:32:58 - __main__ - INFO - === Iniciando aplicación de Gestión de Inventario ===
2025-11-11 16:32:58 - __main__ - INFO - Inventario inicializado
2025-11-11 16:32:58 - __main__ - INFO - Sistema de ventas inicializado
2025-11-11 16:32:58 - __main__ - INFO - Archivo de inventario no encontrado. Iniciando con inventario vacío.
2025-11-11 16:32:59 - __main__ - INFO - Interfaz gráfica inicializada - Iniciando loop principal
2025-11-11 16:33:00 - __main__ - INFO - Solicitud de descarga de log por administrador
2025-11-11 16:33:00 - __main__ - INFO - Log descargado exitosamente: 'log_inventario_20251111_163300.log'
2025-11-11 16:33:55 - __main__ - INFO - Abriendo formulario para registrar salida
2025-11-11 16:34:01 - __main__ - INFO - === Aplicación cerrada ===
2025-11-11 16:39:29 - __main__ - INFO - Usuario autenticado: lucio - Rol: user
2025-11-11 16:39:29 - __main__ - INFO - === Iniciando aplicación de Gestión de Inventario ===
2025-11-11 16:39:29 - __main__ - INFO - Inventario inicializado
2025-11-11 16:39:29 - __main__ - INFO - Sistema de ventas inicializado
2025-11-11 16:39:29 - __main__ - INFO - Archivo de inventario no encontrado. Iniciando con inventario vacío.
2025-11-11 16:39:29 - __main__ - INFO - Interfaz gráfica inicializada - Iniciando loop principal
2025-11-11 16:39:31 - __main__ - INFO - Abriendo formulario para agregar producto
2025-11-11 16:39:51 - __main__ - INFO - === Aplicación cerrada ===
2025-11-11 16:47:06 - __main__ - INFO - Usuario autenticado: lucio - Rol: user
2025-11-11 16:47:06 - __main__ - INFO - === Iniciando aplicación de Gestión de Inventario ===
2025-11-11 16:47:06 - __main__ - INFO - Inventario inicializado
2025-11-11 16:47:06 - __main__ - INFO - Sistema de ventas inicializado
2025-11-11 16:47:06 - __main__ - INFO - Archivo de inventario no encontrado. Iniciando con inventario vacío.
2025-11-11 16:47:07 - __main__ - INFO - Interfaz gráfica inicializada - Iniciando loop principal
2025-11-11 16:47:12 - __main__ - INFO - Abriendo formulario para agregar producto
2025-11-11 16:47:12 - __main__ - INFO - Categorías guardadas: 8 categorías
2025-11-11 16:47:12 - __main__ - INFO - Categorías por defecto creadas
2025-11-11 16:47:19 - __main__ - INFO - === Aplicación cerrada ===
2025-11-11 16:48:05 - __main__ - INFO - Usuario autenticado: admin - Rol: admin
2025-11-11 16:48:05 - __main__ - INFO - === Iniciando aplicación de Gestión de Inventario ===
2025-11-11 16:48:05 - __main__ - INFO - Inventario inicializado
2025-11-11 16:48:05 - __main__ - INFO - Sistema de ventas inicializado
2025-11-11 16:48:05 - __main__ - INFO - Archivo de inventario no encontrado. Iniciando con inventario vacío.
2025-11-11 16:48:05 - __main__ - INFO - Interfaz gráfica inicializada - Iniciando loop principal
2025-11-11 16:48:07 - __main__ - INFO - Abriendo ventana de gestión de categorías
2025-11-11 16:48:07 - __main__ - INFO - Categorías cargadas: 8 categorías disponibles
2025-11-11 16:48:14 - __main__ - INFO - Abriendo formulario para agregar producto
2025-11-11 16:48:14 - __main__ - INFO - Categorías cargadas: 8 categorías disponibles
2025-11-11 16:48:26 - __main__ - INFO - Abriendo ventana de gestión de categorías
2025-11-11 16:48:26 - __main__ - INFO - Categorías cargadas: 8 categorías disponibles
2025-11-11 16:48:32 - __main__ - INFO - Categorías cargadas: 8 categorías disponibles
2025-11-11 16:48:32 - __main__ - INFO - Categorías guardadas: 9 categorías
2025-11-11 16:48:32 - __main__ - INFO - Categorías cargadas: 9 categorías disponibles
2025-11-11 16:48:32 - __main__ - INFO - Categoría agregada por admin: Hola
2025-11-11 16:48:33 - __main__ - INFO - Abriendo formulario para agregar producto
2025-11-11 16:48:33 - __main__ - INFO - Categorías cargadas: 9 categorías disponibles
2025-11-11 16:49:38 - __main__ - INFO - === Aplicación cerrada ===
2025-11-11 16:50:43 - __main__ - INFO - Usuario autenticado: lucio - Rol: user
2025-11-11 16:50:43 - __main__ - INFO - === Iniciando aplicación de Gestión de Inventario ===
2025-11-11 16:50:43 - __main__ - INFO - Inventario inicializado
2025-11-11 16:50:43 - __main__ - INFO - Sistema de ventas inicializado
2025-11-11 16:50:43 - __main__ - INFO - Archivo de inventario no encontrado. Iniciando con inventario vacío.
2025-11-11 16:50:43 - __main__ - INFO - Interfaz gráfica inicializada - Iniciando loop principal
2025-11-11 16:50:44 - __main__ - INFO - Abriendo formulario para agregar producto
2025-11-11 16:50:44 - __main__ - INFO - Categorías cargadas: 9 categorías disponibles
2025-11-11 16:53:45 - __main__ - INFO - Abriendo formulario para registrar entrada
2025-11-11 16:54:29 - __main__ - INFO - === Aplicación cerrada ===
2025-11-11 16:56:08 - __main__ - INFO - Usuario autenticado: lucio - Rol: user
2025-11-11 16:56:08 - __main__ - INFO - === Iniciando aplicación de Gestión de Inventario ===
2025-11-11 16:56:08 - __main__ - INFO - Inventario inicializado
2025-11-11 16:56:08 - __main__ - INFO - Sistema de ventas inicializado
2025-11-11 16:56:08 - __main__ - INFO - Archivo de inventario no encontrado. Iniciando con inventario vacío.
2025-11-11 16:56:09 - __main__ - INFO - Interfaz gráfica inicializada - Iniciando loop principal
2025-11-11 16:57:10 - __main__ - INFO - Abriendo formulario para agregar producto
2025-11-11 16:57:10 - __main__ - INFO - Categorías cargadas: 9 categorías disponibles
2025-11-11 16:57:38 - __main__ - INFO - Producto creado: David (SKU: 605024) - Categoría: Juguetes - Precio venta: $2000 - Cantidad: 12
2025-11-11 16:57:38 - __main__ - INFO - Producto agregado al inventario: David (SKU: 605024) - Categoría: Juguetes - Total productos: 1
2025-11-11 16:57:38 - __main__ - INFO - Producto agregado exitosamente desde GUI: David (SKU: 605024)
2025-11-11 16:57:57 - __main__ - INFO - Abriendo ventana de registro de ventas
2025-11-11 16:58:06 - __main__ - INFO - Stock actualizado para David (SKU: 605024): 12 -> 10
2025-11-11 16:58:06 - __main__ - INFO - Salida registrada: David - Cantidad retirada: 2 - Stock anterior: 12 - Stock nuevo: 10
2025-11-11 16:58:06 - __main__ - INFO - Venta registrada: David x2 @ $2000 = $4000
2025-11-11 16:58:13 - __main__ - INFO - === Aplicación cerrada ===
2025-11-11 16:58:33 - __main__ - INFO - Usuario autenticado: admin - Rol: admin
2025-11-11 16:58:33 - __main__ - INFO - === Iniciando aplicación de Gestión de Inventario ===
2025-11-11 16:58:33 - __main__ - INFO - Inventario inicializado
2025-11-11 16:58:33 - __main__ - INFO - Sistema de ventas inicializado
2025-11-11 16:58:33 - __main__ - INFO - Inventario cargado desde archivo: 1 productos
2025-11-11 16:58:34 - __main__ - INFO - Interfaz gráfica inicializada - Iniciando loop principal
2025-11-11 16:58:37 - __main__ - INFO - Abriendo ventana de gestión de categorías
2025-11-11 16:58:37 - __main__ - INFO - Categorías cargadas: 9 categorías disponibles
2025-11-11 16:58:41 - __main__ - INFO - Categorías cargadas: 9 categorías disponibles
2025-11-11 16:58:41 - __main__ - INFO - Categorías guardadas: 8 categorías
2025-11-11 16:58:41 - __main__ - INFO - Categorías cargadas: 8 categorías disponibles
2025-11-11 16:58:41 - __main__ - INFO - Categoría eliminada por admin: Hola
