2025-11-11 16:31:35 - __main__ - INFO - Usuario autenticado: lucio - Rol: user
2025-11-11 16:31:35 - __main__ - INFO - === Iniciando aplicación de Gestión de Inventario ===
2025-11-11 16:31:35 - __main__ - INFO - Inventario inicializado
2025-11-11 16:31:35 - __main__ - INFO - Sistema de ventas inicializado
2025-11-11 16:31:35 - __main__ - INFO - Archivo de inventario no encontrado. Iniciando con inventario vacío.
2025-11-11 16:31:35 - __main__ - INFO - Interfaz gráfica inicializada - Iniciando loop principal
2025-11-11 16:31:43 - __main__ - INFO - Abriendo formulario para agregar producto
2025-11-11 16:32:00 - __main__ - INFO - === Aplicación cerrada ===
2025-11-11 16:32:38 - __main__ - INFO - Usuario autenticado: lucio - Rol: user
2025-11-11 16:32:38 - __main__ - INFO - === Iniciando aplicación de Gestión de Inventario ===
2025-11-11 16:32:38 - __main__ - INFO - Inventario inicializado
2025-11-11 16:32:38 - __main__ - INFO - Sistema de ventas inicializado
2025-11-11 16:32:38 - __main__ - INFO - Archivo de inventario no encontrado. Iniciando con inventario vacío.
2025-11-11 16:32:38 - __main__ - INFO - Interfaz gráfica inicializada - Iniciando loop principal
2025-11-11 16:32:43 - __main__ - INFO - === Aplicación cerrada ===
2025-11-11 16:32:58 - __main__ - INFO - Usuario autenticado: admin - Rol: admin
2025-11-11 16:32:58 - __main__ - INFO - === Iniciando aplicación de Gestión de Inventario ===
2025-11-11 16:32:58 - __main__ - INFO - Inventario inicializado
2025-11-11 16:32:58 - __main__ - INFO - Sistema de ventas inicializado
2025-11-11 16:32:58 - __main__ - INFO - Archivo de inventario no encontrado. Iniciando con inventario vacío.
2025-11-11 16:32:59 - __main__ - INFO - Interfaz gráfica inicializada - Iniciando loop principal
2025-11-11 16:33:00 - __main__ - INFO - Solicitud de descarga de log por administrador
